<?xml version="1.0" encoding="UTF-8"?>
<!-- Generated by org.testng.reporters.JUnitXMLReporter -->
<testsuite hostname="E8WPO9ZF7HLPHVE" ignored="5" name="Default test" tests="1" failures="0" timestamp="29 七月 2019 12:18:13 GMT" time="0.038" errors="0">
  <testcase name="test_06_isConformToConstraint_string" time="0.012" classname="test.pres.tool.web.TestCondition"/>
  <testcase name="test_02_constraintsNumber" time="0.0" classname="test.pres.tool.web.TestCondition">
    <ignored/>
  </testcase> <!-- test_02_constraintsNumber -->
  <testcase name="test_03_constraintsDate" time="0.0" classname="test.pres.tool.web.TestCondition">
    <ignored/>
  </testcase> <!-- test_03_constraintsDate -->
  <testcase name="test_05_isConformToConstraint_date" time="0.0" classname="test.pres.tool.web.TestCondition">
    <ignored/>
  </testcase> <!-- test_05_isConformToConstraint_date -->
  <testcase name="test_04_isConformToConstraint_number" time="0.0" classname="test.pres.tool.web.TestCondition">
    <ignored/>
  </testcase> <!-- test_04_isConformToConstraint_number -->
  <testcase name="test_01_Condition" time="0.0" classname="test.pres.tool.web.TestCondition">
    <ignored/>
  </testcase> <!-- test_01_Condition -->
</testsuite> <!-- Default test -->
