<?xml version="1.0" encoding="UTF-8"?>
<!-- Generated by org.testng.reporters.JUnitXMLReporter -->
<testsuite hostname="CAIH-PC" ignored="2" name="Default test" tests="1" failures="0" timestamp="20 七月 2019 10:16:21 GMT" time="5.16" errors="0">
  <testcase name="test_03_webListDataToFile" time="5.141" classname="test.pres.tool.web.TestWebDataToFile"/>
  <testcase name="test_01_webTextDataToFile" time="0.0" classname="test.pres.tool.web.TestWebDataToFile">
    <ignored/>
  </testcase> <!-- test_01_webTextDataToFile -->
  <testcase name="test_02_webListDataToFile" time="0.0" classname="test.pres.tool.web.TestWebDataToFile">
    <ignored/>
  </testcase> <!-- test_02_webListDataToFile -->
</testsuite> <!-- Default test -->
